2025-01-04 15:43:06,177 - INFO - Log test
2025-01-04 15:43:06,177 - INFO - Log test
2025-01-04 15:49:28,158 - INFO - Log test
2025-01-04 15:49:28,158 - INFO - Log test
2025-01-04 15:49:28,158 - INFO - Log test
2025-01-04 15:50:07,169 - INFO - Log test
2025-01-04 15:51:20,404 - WARNING - The current implementation does not split the data into train and test sets exactly with the provided ratio. We use the provided ratio as a probability for a Bernoulli distribution to know whether the data point should be used as a training data or a test data.
2025-01-04 15:51:20,427 - WARNING - The limit of lines (.i.e 1000) to index has been reached. Exiting without loading the rest... 
2025-01-04 15:51:20,428 - INFO - Successfully indexed 1000 lines from ./ml-32m/ratings.csv
2025-01-04 15:51:47,321 - INFO - Log test
2025-01-04 15:51:47,321 - INFO - Log test
2025-01-04 15:51:47,378 - WARNING - The current implementation does not split the data into train and test sets exactly with the provided ratio. We use the provided ratio as a probability for a Bernoulli distribution to know whether the data point should be used as a training data or a test data.
2025-01-04 15:51:47,378 - WARNING - The current implementation does not split the data into train and test sets exactly with the provided ratio. We use the provided ratio as a probability for a Bernoulli distribution to know whether the data point should be used as a training data or a test data.
2025-01-04 15:51:47,391 - WARNING - The limit of lines (.i.e 1000) to index has been reached. Exiting without loading the rest... 
2025-01-04 15:51:47,391 - WARNING - The limit of lines (.i.e 1000) to index has been reached. Exiting without loading the rest... 
2025-01-04 15:51:47,394 - INFO - Successfully indexed 1000 lines from ./ml-32m/ratings.csv
2025-01-04 15:51:47,394 - INFO - Successfully indexed 1000 lines from ./ml-32m/ratings.csv
2025-01-04 15:51:47,499 - INFO - Starting the build of the recommender using AlternatingLeastSquares...
2025-01-04 15:51:47,499 - INFO - Starting the build of the recommender using AlternatingLeastSquares...
2025-01-04 15:51:47,505 - INFO - Starting a model fitting using the backend AlternatingLeastSquares...
2025-01-04 15:51:47,505 - INFO - Starting a model fitting using the backend AlternatingLeastSquares...
2025-01-04 16:11:40,202 - INFO - Log test
2025-01-04 16:11:40,202 - INFO - Log test
2025-01-04 16:11:40,202 - INFO - Log test
2025-01-04 16:13:31,200 - INFO - Log test
2025-01-04 16:13:31,200 - INFO - Log test
2025-01-04 16:13:31,200 - INFO - Log test
2025-01-04 16:13:32,195 - WARNING - The current implementation does not split the data into train and test sets exactly with the provided ratio. We use the provided ratio as a probability for a Bernoulli distribution to know whether the data point should be used as a training data or a test data.
2025-01-04 16:13:32,195 - WARNING - The current implementation does not split the data into train and test sets exactly with the provided ratio. We use the provided ratio as a probability for a Bernoulli distribution to know whether the data point should be used as a training data or a test data.
2025-01-04 16:13:32,195 - WARNING - The current implementation does not split the data into train and test sets exactly with the provided ratio. We use the provided ratio as a probability for a Bernoulli distribution to know whether the data point should be used as a training data or a test data.
2025-01-04 16:13:32,211 - WARNING - The limit of lines (.i.e 1000) to index has been reached. Exiting without loading the rest... 
2025-01-04 16:13:32,211 - WARNING - The limit of lines (.i.e 1000) to index has been reached. Exiting without loading the rest... 
2025-01-04 16:13:32,211 - WARNING - The limit of lines (.i.e 1000) to index has been reached. Exiting without loading the rest... 
2025-01-04 16:13:32,215 - INFO - Successfully indexed 1000 lines from ./ml-32m/ratings.csv
2025-01-04 16:13:32,215 - INFO - Successfully indexed 1000 lines from ./ml-32m/ratings.csv
2025-01-04 16:13:32,215 - INFO - Successfully indexed 1000 lines from ./ml-32m/ratings.csv
2025-01-04 16:14:32,933 - INFO - Log test
2025-01-04 16:14:59,261 - INFO - Log test
2025-01-04 16:14:59,383 - WARNING - The current implementation does not split the data into train and test sets exactly with the provided ratio. We use the provided ratio as a probability for a Bernoulli distribution to know whether the data point should be used as a training data or a test data.
2025-01-04 16:14:59,402 - WARNING - The limit of lines (.i.e 1000) to index has been reached. Exiting without loading the rest... 
2025-01-04 16:14:59,404 - INFO - Successfully indexed 1000 lines from ./ml-32m/ratings.csv
2025-01-04 16:14:59,621 - INFO - Starting the build of the recommender using AlternatingLeastSquares...
2025-01-04 16:14:59,623 - INFO - Starting a model fitting using the backend AlternatingLeastSquares...
2025-01-04 16:19:50,155 - INFO - Log test
2025-01-04 16:19:50,357 - WARNING - The current implementation does not split the data into train and test sets exactly with the provided ratio. We use the provided ratio as a probability for a Bernoulli distribution to know whether the data point should be used as a training data or a test data.
2025-01-04 16:19:50,369 - WARNING - The limit of lines (.i.e 1000) to index has been reached. Exiting without loading the rest... 
2025-01-04 16:19:50,370 - INFO - Successfully indexed 1000 lines from ./ml-32m/ratings.csv
2025-01-04 16:19:50,564 - INFO - Starting the build of the recommender using AlternatingLeastSquares...
2025-01-04 16:19:50,567 - INFO - Starting a model fitting using the backend AlternatingLeastSquares...
2025-01-04 16:21:51,929 - INFO - Log test
2025-01-04 16:21:52,105 - WARNING - The current implementation does not split the data into train and test sets exactly with the provided ratio. We use the provided ratio as a probability for a Bernoulli distribution to know whether the data point should be used as a training data or a test data.
2025-01-04 16:21:52,121 - WARNING - The limit of lines (.i.e 1000) to index has been reached. Exiting without loading the rest... 
2025-01-04 16:21:52,125 - INFO - Successfully indexed 1000 lines from ./ml-32m/ratings.csv
2025-01-04 16:21:52,218 - INFO - Starting the build of the recommender using AlternatingLeastSquares...
2025-01-04 16:21:52,224 - INFO - Starting a model fitting using the backend AlternatingLeastSquares...
2025-01-04 16:21:52,226 - ERROR - Checkpoint list : []
2025-01-04 16:25:31,953 - INFO - Log test
2025-01-04 16:25:32,149 - WARNING - The current implementation does not split the data into train and test sets exactly with the provided ratio. We use the provided ratio as a probability for a Bernoulli distribution to know whether the data point should be used as a training data or a test data.
2025-01-04 16:25:32,155 - WARNING - The limit of lines (.i.e 1000) to index has been reached. Exiting without loading the rest... 
2025-01-04 16:25:32,156 - INFO - Successfully indexed 1000 lines from ./ml-32m/ratings.csv
2025-01-04 16:25:32,275 - INFO - Starting the build of the recommender using AlternatingLeastSquares...
2025-01-04 16:25:32,277 - INFO - Starting a model fitting using the backend AlternatingLeastSquares...
2025-01-04 16:25:32,279 - ERROR - Checkpoint list : []
2025-01-04 16:25:42,759 - INFO - Log test
2025-01-04 16:25:42,951 - WARNING - The current implementation does not split the data into train and test sets exactly with the provided ratio. We use the provided ratio as a probability for a Bernoulli distribution to know whether the data point should be used as a training data or a test data.
2025-01-04 16:25:42,959 - WARNING - The limit of lines (.i.e 1000) to index has been reached. Exiting without loading the rest... 
2025-01-04 16:25:42,959 - INFO - Successfully indexed 1000 lines from ./ml-32m/ratings.csv
2025-01-04 16:25:43,075 - INFO - Starting the build of the recommender using AlternatingLeastSquares...
2025-01-04 16:25:43,080 - INFO - Starting a model fitting using the backend AlternatingLeastSquares...
2025-01-04 16:25:43,082 - ERROR - Checkpoint list : []
2025-01-04 16:25:59,212 - INFO - Log test
2025-01-04 16:25:59,276 - WARNING - The current implementation does not split the data into train and test sets exactly with the provided ratio. We use the provided ratio as a probability for a Bernoulli distribution to know whether the data point should be used as a training data or a test data.
2025-01-04 16:25:59,289 - WARNING - The limit of lines (.i.e 1000) to index has been reached. Exiting without loading the rest... 
2025-01-04 16:25:59,292 - INFO - Successfully indexed 1000 lines from ./ml-32m/ratings.csv
2025-01-04 16:25:59,390 - INFO - Starting the build of the recommender using AlternatingLeastSquares...
2025-01-04 16:25:59,392 - INFO - Starting a model fitting using the backend AlternatingLeastSquares...
2025-01-04 16:25:59,394 - ERROR - Checkpoint list : []
